#########################################################################################################################
Had to make the changes below in the dashboard-values.yaml since the chart is using Kong as the dashboard service.
#########################################################################################################################

#service:
#  type: NodePort
#  nodePort: 30123
#  externalPort: 443

kong:
  proxy:
    type: NodePort

ubuntu@ip-172-18-1-83:~/scripts$ helm upgrade --install kubernetes-dashboard kubernetes-dashboard/kubernetes-dashboard --namespace kubernetes-dashboard -f dashboard-values.yaml --atomic --timeout 10m0s --wait
Release "kubernetes-dashboard" has been upgraded. Happy Helming!
NAME: kubernetes-dashboard
LAST DEPLOYED: Sun Aug 10 13:15:51 2025
NAMESPACE: kubernetes-dashboard
STATUS: deployed
REVISION: 2
TEST SUITE: None
NOTES:
*************************************************************************************************
*** PLEASE BE PATIENT: Kubernetes Dashboard may need a few minutes to get up and become ready ***
*************************************************************************************************

Congratulations! You have just installed Kubernetes Dashboard in your cluster.

To access Dashboard run:
  kubectl -n kubernetes-dashboard port-forward svc/kubernetes-dashboard-kong-proxy 8443:443

NOTE: In case port-forward command does not work, make sure that kong service name is correct.
      Check the services in Kubernetes Dashboard namespace using:
        kubectl -n kubernetes-dashboard get svc

Dashboard will be available at:
  https://localhost:8443
ubuntu@ip-172-18-1-83:~/scripts$ kubectl get svc kubernetes-dashboard-kong-proxy -n kubernetes-dashboard -o wide
NAME                              TYPE       CLUSTER-IP       EXTERNAL-IP   PORT(S)         AGE   SELECTOR
kubernetes-dashboard-kong-proxy   NodePort   10.100.206.159   <none>        443:30865/TCP   64m   app.kubernetes.io/component=app,app.kubernetes.io/instance=kubernetes-dashboard,app.kubernetes.io/name=kong


